[Sun Sep  7 21:43:06 2025] running mktexlsr
[Sun Sep  7 21:43:06 2025] success, output:

--end of output of mktexlsr.

[Sun Sep  7 21:43:06 2025] running updmap-sys
[Sun Sep  7 21:43:06 2025] success, output:
updmap will read the following updmap.cfg files (in precedence order):
  /home/rstudio/.TinyTeX/texmf-dist/web2c/updmap.cfg
updmap may write changes to the following updmap.cfg file:
  /home/rstudio/.TinyTeX/texmf-config/web2c/updmap.cfg
dvips output dir: "/home/rstudio/.TinyTeX/texmf-var/fonts/map/dvips/updmap"
pdftex output dir: "/home/rstudio/.TinyTeX/texmf-var/fonts/map/pdftex/updmap"
dvipdfmx output dir: "/home/rstudio/.TinyTeX/texmf-var/fonts/map/dvipdfmx/updmap"

updmap is creating new map files
using the following configuration:
  LW35 font names                  : URWkb (/home/rstudio/.TinyTeX/texmf-dist/web2c/updmap.cfg)
  prefer outlines                  : true (/home/rstudio/.TinyTeX/texmf-dist/web2c/updmap.cfg)
  texhash enabled                  : true
  download standard fonts (dvips)  : true (/home/rstudio/.TinyTeX/texmf-dist/web2c/updmap.cfg)
  download standard fonts (pdftex) : true (/home/rstudio/.TinyTeX/texmf-dist/web2c/updmap.cfg)
  jaEmbed replacement string       : haranoaji (/home/rstudio/.TinyTeX/texmf-dist/web2c/updmap.cfg)
  jaVariant replacement string     : -04 (/home/rstudio/.TinyTeX/texmf-dist/web2c/updmap.cfg)
  scEmbed replacement string       : arphic (/home/rstudio/.TinyTeX/texmf-dist/web2c/updmap.cfg)
  tcEmbed replacement string       : arphic (/home/rstudio/.TinyTeX/texmf-dist/web2c/updmap.cfg)
  koEmbed replacement string       : baekmuk (/home/rstudio/.TinyTeX/texmf-dist/web2c/updmap.cfg)
  create a mapfile for pxdvi       : false (default)

Scanning for LW35 support files  [  3 files]
Scanning for MixedMap entries    [  7 files]
Scanning for KanjiMap entries    [  0 files]
Scanning for Map entries         [ 13 files]

Generating output for dvipdfmx...
Generating output for ps2pk...
Generating output for dvips...
Generating output for pdftex...

Files generated:
  /home/rstudio/.TinyTeX/texmf-var/fonts/map/dvips/updmap:
       15794 2025-09-07 21:43:06 builtin35.map
       21267 2025-09-07 21:43:06 download35.map
       86753 2025-09-07 21:43:06 psfonts_pk.map
       92919 2025-09-07 21:43:06 psfonts_t1.map
       92914 2025-09-07 21:43:06 ps2pk.map
       92919 2025-09-07 21:43:06 psfonts.map = psfonts_t1.map
  /home/rstudio/.TinyTeX/texmf-var/fonts/map/pdftex/updmap:
       92921 2025-09-07 21:43:06 pdftex_dl14.map
       91256 2025-09-07 21:43:06 pdftex_ndl14.map
       92921 2025-09-07 21:43:06 pdftex.map = pdftex_dl14.map
  /home/rstudio/.TinyTeX/texmf-var/fonts/map/dvipdfmx/updmap:
         317 2025-09-07 21:43:06 kanjix.map

Transcript written on: /home/rstudio/.TinyTeX/texmf-var/web2c/updmap.log
updmap: updating ls-R files.
--end of output of updmap-sys.

